[Episode    1] reward= 15.0  eps=1.000
[Episode    2] reward=  9.0  eps=1.000
[Episode    3] reward= 22.0  eps=1.000
[Episode    4] reward= 17.0  eps=1.000
[Episode    5] reward= 20.0  eps=1.000
[Episode    6] reward= 45.0  eps=1.000
[Episode    7] reward= 55.0  eps=1.000
[Episode    8] reward= 13.0  eps=1.000
[Episode    9] reward= 18.0  eps=1.000
[Episode   10] reward= 15.0  eps=1.000
[Episode   11] reward= 26.0  eps=1.000
[Episode   12] reward= 17.0  eps=1.000
[Episode   13] reward= 12.0  eps=1.000
[Episode   14] reward= 36.0  eps=1.000
[Episode   15] reward= 13.0  eps=1.000
[Episode   16] reward= 37.0  eps=1.000
[Episode   17] reward= 12.0  eps=1.000
[Episode   18] reward= 11.0  eps=1.000
[Episode   19] reward= 44.0  eps=1.000
[Episode   20] reward= 36.0  eps=1.000
[Episode   21] reward= 13.0  eps=1.000
[Episode   22] reward= 33.0  eps=1.000
[Episode   23] reward= 41.0  eps=1.000
[Episode   24] reward= 53.0  eps=1.000
[Episode   25] reward= 33.0  eps=1.000
[Episode   26] reward= 26.0  eps=1.000
[Episode   27] reward= 21.0  eps=1.000
[Episode   28] reward= 13.0  eps=1.000
[Episode   29] reward= 23.0  eps=1.000
[Episode   30] reward= 18.0  eps=1.000
[Episode   31] reward= 32.0  eps=1.000
[Episode   32] reward= 17.0  eps=1.000
[Episode   33] reward=107.0  eps=1.000
[Episode   34] reward= 46.0  eps=1.000
[Episode   35] reward= 20.0  eps=1.000
[Episode   36] reward= 14.0  eps=1.000
[Episode   37] reward= 22.0  eps=0.999
[Episode   38] reward= 15.0  eps=0.996
[Episode   39] reward= 25.0  eps=0.991
[Episode   40] reward= 15.0  eps=0.989
[Episode   41] reward= 44.0  eps=0.980
[Episode   42] reward= 23.0  eps=0.976
[Episode   43] reward= 17.0  eps=0.973
[Episode   44] reward= 13.0  eps=0.970
[Episode   45] reward= 24.0  eps=0.966
[Episode   46] reward= 11.0  eps=0.964
[Episode   47] reward= 11.0  eps=0.961
[Episode   48] reward= 12.0  eps=0.959
[Episode   49] reward= 41.0  eps=0.951
[Episode   50] reward= 46.0  eps=0.943
[Episode   51] reward= 16.0  eps=0.940
[Episode   52] reward= 38.0  eps=0.932
[Episode   53] reward= 32.0  eps=0.926
[Episode   54] reward= 33.0  eps=0.920
[Episode   55] reward= 13.0  eps=0.918
[Episode   56] reward= 12.0  eps=0.915
[Episode   57] reward= 18.0  eps=0.912
[Episode   58] reward= 25.0  eps=0.907
[Episode   59] reward= 52.0  eps=0.897
[Episode   60] reward= 40.0  eps=0.890
[Episode   61] reward= 14.0  eps=0.887
[Episode   62] reward= 15.0  eps=0.884
[Episode   63] reward= 15.0  eps=0.881
[Episode   64] reward= 19.0  eps=0.878
[Episode   65] reward= 14.0  eps=0.875
[Episode   66] reward= 75.0  eps=0.861
[Episode   67] reward= 18.0  eps=0.857
[Episode   68] reward= 15.0  eps=0.854
[Episode   69] reward= 27.0  eps=0.849
[Episode   70] reward= 43.0  eps=0.841
[Episode   71] reward= 28.0  eps=0.836
[Episode   72] reward= 35.0  eps=0.829
[Episode   73] reward= 71.0  eps=0.816
[Episode   74] reward= 13.0  eps=0.813
[Episode   75] reward= 17.0  eps=0.810
[Episode   76] reward= 37.0  eps=0.803
[Episode   77] reward= 15.0  eps=0.800
[Episode   78] reward= 26.0  eps=0.795
[Episode   79] reward= 11.0  eps=0.793
[Episode   80] reward= 28.0  eps=0.788
[Episode   81] reward= 10.0  eps=0.786
[Episode   82] reward= 58.0  eps=0.775
[Episode   83] reward=192.0  eps=0.738
[Episode   84] reward= 43.0  eps=0.730
[Episode   85] reward= 50.0  eps=0.721
[Episode   86] reward= 41.0  eps=0.713
[Episode   87] reward= 67.0  eps=0.700
[Episode   88] reward= 19.0  eps=0.697
[Episode   89] reward= 80.0  eps=0.681
[Episode   90] reward= 21.0  eps=0.677
[Episode   91] reward= 75.0  eps=0.663
[Episode   92] reward=100.0  eps=0.644
[Episode   93] reward= 33.0  eps=0.638
[Episode   94] reward= 59.0  eps=0.627
[Episode   95] reward= 20.0  eps=0.623
[Episode   96] reward= 17.0  eps=0.620
[Episode   97] reward= 51.0  eps=0.610
[Episode   98] reward= 17.0  eps=0.607
[Episode   99] reward=115.0  eps=0.585
[Episode  100] reward= 28.0  eps=0.580
[Episode  101] reward= 37.0  eps=0.573
[Episode  102] reward= 21.0  eps=0.569
[Episode  103] reward= 33.0  eps=0.562
[Episode  104] reward= 26.0  eps=0.557
[Episode  105] reward= 66.0  eps=0.545
[Episode  106] reward= 11.0  eps=0.543
[Episode  107] reward= 25.0  eps=0.538
[Episode  108] reward= 15.0  eps=0.535
[Episode  109] reward= 82.0  eps=0.519
[Episode  110] reward= 32.0  eps=0.513
[Episode  111] reward= 87.0  eps=0.497
[Episode  112] reward=103.0  eps=0.477
[Episode  113] reward= 17.0  eps=0.474
[Episode  114] reward= 18.0  eps=0.471
[Episode  115] reward= 67.0  eps=0.458
[Episode  116] reward= 18.0  eps=0.455
[Episode  117] reward= 16.0  eps=0.451
[Episode  118] reward=129.0  eps=0.427
[Episode  119] reward= 53.0  eps=0.417
[Episode  120] reward= 20.0  eps=0.413
[Episode  121] reward= 33.0  eps=0.407
[Episode  122] reward=154.0  eps=0.378
[Episode  123] reward= 15.0  eps=0.375
[Episode  124] reward= 23.0  eps=0.370
[Episode  125] reward=107.0  eps=0.350
[Episode  126] reward= 19.0  eps=0.346
[Episode  127] reward= 13.0  eps=0.344
[Episode  128] reward= 32.0  eps=0.338
[Episode  129] reward= 25.0  eps=0.333
[Episode  130] reward= 38.0  eps=0.326
[Episode  131] reward= 12.0  eps=0.324
[Episode  132] reward= 12.0  eps=0.321
[Episode  133] reward= 38.0  eps=0.314
[Episode  134] reward= 54.0  eps=0.304
[Episode  135] reward= 18.0  eps=0.300
[Episode  136] reward= 30.0  eps=0.295
[Episode  137] reward= 16.0  eps=0.292
[Episode  138] reward= 17.0  eps=0.288
[Episode  139] reward= 97.0  eps=0.270
[Episode  140] reward= 52.0  eps=0.260
[Episode  141] reward=108.0  eps=0.240
[Episode  142] reward= 23.0  eps=0.235
[Episode  143] reward= 91.0  eps=0.218
[Episode  144] reward= 56.0  eps=0.207
[Episode  145] reward= 95.0  eps=0.189
[Episode  146] reward= 31.0  eps=0.183
[Episode  147] reward=176.0  eps=0.150
[Episode  148] reward= 40.0  eps=0.142
[Episode  149] reward=111.0  eps=0.121
[Episode  150] reward=117.0  eps=0.099
[Episode  151] reward= 93.0  eps=0.081
[Episode  152] reward= 90.0  eps=0.064
[Episode  153] reward= 92.0  eps=0.050
[Episode  154] reward= 90.0  eps=0.050
[Episode  155] reward= 93.0  eps=0.050
[Episode  156] reward= 97.0  eps=0.050
[Episode  157] reward= 95.0  eps=0.050
[Episode  158] reward= 92.0  eps=0.050
[Episode  159] reward= 94.0  eps=0.050
[Episode  160] reward= 98.0  eps=0.050
[Episode  161] reward=102.0  eps=0.050
[Episode  162] reward= 97.0  eps=0.050
[Episode  163] reward=106.0  eps=0.050
[Episode  164] reward= 97.0  eps=0.050
[Episode  165] reward= 81.0  eps=0.050
[Episode  166] reward= 97.0  eps=0.050
[Episode  167] reward=104.0  eps=0.050
[Episode  168] reward= 95.0  eps=0.050
[Episode  169] reward=101.0  eps=0.050
[Episode  170] reward= 69.0  eps=0.050
[Episode  171] reward= 92.0  eps=0.050
[Episode  172] reward= 94.0  eps=0.050
[Episode  173] reward= 68.0  eps=0.050
[Episode  174] reward=101.0  eps=0.050
[Episode  175] reward= 70.0  eps=0.050
[Episode  176] reward=103.0  eps=0.050
[Episode  177] reward=103.0  eps=0.050
[Episode  178] reward=106.0  eps=0.050
[Episode  179] reward= 70.0  eps=0.050
[Episode  180] reward= 95.0  eps=0.050
[Episode  181] reward=101.0  eps=0.050
[Episode  182] reward=104.0  eps=0.050
[Episode  183] reward=107.0  eps=0.050
[Episode  184] reward= 84.0  eps=0.050
[Episode  185] reward=100.0  eps=0.050
[Episode  186] reward=105.0  eps=0.050
[Episode  187] reward= 93.0  eps=0.050
[Episode  188] reward= 99.0  eps=0.050
[Episode  189] reward= 56.0  eps=0.050
[Episode  190] reward=114.0  eps=0.050
[Episode  191] reward=125.0  eps=0.050
[Episode  192] reward=116.0  eps=0.050
[Episode  193] reward=126.0  eps=0.050
[Episode  194] reward=119.0  eps=0.050
[Episode  195] reward=114.0  eps=0.050
[Episode  196] reward=136.0  eps=0.050
[Episode  197] reward=154.0  eps=0.050
[Episode  198] reward=136.0  eps=0.050
[Episode  199] reward=129.0  eps=0.050
[Episode  200] reward=127.0  eps=0.050
[Episode  201] reward=117.0  eps=0.050
[Episode  202] reward=114.0  eps=0.050
[Episode  203] reward= 93.0  eps=0.050
[Episode  204] reward=104.0  eps=0.050
[Episode  205] reward=105.0  eps=0.050
[Episode  206] reward= 99.0  eps=0.050
[Episode  207] reward= 40.0  eps=0.050
[Episode  208] reward= 87.0  eps=0.050
[Episode  209] reward= 89.0  eps=0.050
[Episode  210] reward= 93.0  eps=0.050
[Episode  211] reward= 95.0  eps=0.050
[Episode  212] reward= 14.0  eps=0.050
[Episode  213] reward= 95.0  eps=0.050
[Episode  214] reward= 91.0  eps=0.050
[Episode  215] reward= 91.0  eps=0.050
[Episode  216] reward= 98.0  eps=0.050
[Episode  217] reward= 53.0  eps=0.050
[Episode  218] reward=171.0  eps=0.050
[Episode  219] reward=116.0  eps=0.050
[Episode  220] reward=178.0  eps=0.050
[Episode  221] reward= 94.0  eps=0.050
[Episode  222] reward=313.0  eps=0.050
[Episode  223] reward=125.0  eps=0.050
[Episode  224] reward=500.0  eps=0.050
Reached target reward. Stopping training.
[OK] Saved learning curve → saved_models/learning_curve.png
[INFO] Weights are in saved_models/best.pt and saved_models/last.pt
